<?xml version="1.0" encoding="UTF-8"?>
<testng-results skipped="0" failed="0" total="12" passed="12">
  <reporter-output>
  </reporter-output>
  <suite name="IMDB Top 250 Search" duration-ms="16367" started-at="2016-11-05T18:59:00Z" finished-at="2016-11-05T18:59:17Z">
    <groups>
      <group name="resultCount">
        <method signature="TopChartsPageTest.selectByNumberOfRatings()[pri:0, instance:com.imdb.demo.TopChartsPageTest@402a079c]" name="selectByNumberOfRatings" class="com.imdb.demo.TopChartsPageTest"/>
        <method signature="TopChartsPageTest.selectByRanking()[pri:0, instance:com.imdb.demo.TopChartsPageTest@402a079c]" name="selectByRanking" class="com.imdb.demo.TopChartsPageTest"/>
        <method signature="TopChartsPageTest.selectByReleaseDate()[pri:0, instance:com.imdb.demo.TopChartsPageTest@402a079c]" name="selectByReleaseDate" class="com.imdb.demo.TopChartsPageTest"/>
        <method signature="TopChartsPageTest.selectByYourRating()[pri:0, instance:com.imdb.demo.TopChartsPageTest@402a079c]" name="selectByYourRating" class="com.imdb.demo.TopChartsPageTest"/>
        <method signature="TopChartsPageTest.selectIMDBRating()[pri:0, instance:com.imdb.demo.TopChartsPageTest@402a079c]" name="selectIMDBRating" class="com.imdb.demo.TopChartsPageTest"/>
      </group> <!-- resultCount -->
    </groups>
    <test name="HomePage Tests" duration-ms="1041" started-at="2016-11-05T18:59:00Z" finished-at="2016-11-05T18:59:01Z">
      <class name="com.imdb.demo.HomePageTest">
        <test-method status="PASS" signature="isHomePageLoaded()[pri:0, instance:com.imdb.demo.HomePageTest@42d80b78]" name="isHomePageLoaded" duration-ms="164" started-at="2016-11-05T19:59:00Z" finished-at="2016-11-05T19:59:01Z">
          <reporter-output>
          </reporter-output>
        </test-method> <!-- isHomePageLoaded -->
        <test-method status="PASS" signature="shouldDisplayMenuOnHover()[pri:0, instance:com.imdb.demo.HomePageTest@42d80b78]" name="shouldDisplayMenuOnHover" duration-ms="671" started-at="2016-11-05T19:59:01Z" depends-on-methods="com.imdb.demo.HomePageTest.isHomePageLoaded" finished-at="2016-11-05T19:59:01Z">
          <reporter-output>
          </reporter-output>
        </test-method> <!-- shouldDisplayMenuOnHover -->
        <test-method status="PASS" signature="clickTopChartMenu()[pri:0, instance:com.imdb.demo.HomePageTest@42d80b78]" name="clickTopChartMenu" duration-ms="183" started-at="2016-11-05T19:59:01Z" depends-on-methods="com.imdb.demo.HomePageTest.shouldDisplayMenuOnHover" finished-at="2016-11-05T19:59:01Z">
          <reporter-output>
          </reporter-output>
        </test-method> <!-- clickTopChartMenu -->
      </class> <!-- com.imdb.demo.HomePageTest -->
    </test> <!-- HomePage Tests -->
    <test name="IMDB Top Charts" duration-ms="12269" started-at="2016-11-05T18:59:01Z" finished-at="2016-11-05T18:59:14Z">
      <class name="com.imdb.demo.TopChartsPageTest">
        <test-method status="PASS" signature="isTopChartsPageLoaded()[pri:0, instance:com.imdb.demo.TopChartsPageTest@402a079c]" name="isTopChartsPageLoaded" duration-ms="4390" started-at="2016-11-05T19:59:01Z" finished-at="2016-11-05T19:59:06Z">
          <reporter-output>
          </reporter-output>
        </test-method> <!-- isTopChartsPageLoaded -->
        <test-method status="PASS" signature="selectByNumberOfRatings()[pri:0, instance:com.imdb.demo.TopChartsPageTest@402a079c]" name="selectByNumberOfRatings" duration-ms="1877" started-at="2016-11-05T19:59:06Z" finished-at="2016-11-05T19:59:08Z">
          <reporter-output>
          </reporter-output>
        </test-method> <!-- selectByNumberOfRatings -->
        <test-method status="PASS" signature="selectByRanking()[pri:0, instance:com.imdb.demo.TopChartsPageTest@402a079c]" name="selectByRanking" duration-ms="1628" started-at="2016-11-05T19:59:08Z" finished-at="2016-11-05T19:59:09Z">
          <reporter-output>
          </reporter-output>
        </test-method> <!-- selectByRanking -->
        <test-method status="PASS" signature="selectByReleaseDate()[pri:0, instance:com.imdb.demo.TopChartsPageTest@402a079c]" name="selectByReleaseDate" duration-ms="1322" started-at="2016-11-05T19:59:09Z" finished-at="2016-11-05T19:59:11Z">
          <reporter-output>
          </reporter-output>
        </test-method> <!-- selectByReleaseDate -->
        <test-method status="PASS" signature="selectByYourRating()[pri:0, instance:com.imdb.demo.TopChartsPageTest@402a079c]" name="selectByYourRating" duration-ms="1521" started-at="2016-11-05T19:59:11Z" finished-at="2016-11-05T19:59:12Z">
          <reporter-output>
          </reporter-output>
        </test-method> <!-- selectByYourRating -->
        <test-method status="PASS" signature="selectIMDBRating()[pri:0, instance:com.imdb.demo.TopChartsPageTest@402a079c]" name="selectIMDBRating" duration-ms="815" started-at="2016-11-05T19:59:12Z" finished-at="2016-11-05T19:59:13Z">
          <reporter-output>
          </reporter-output>
        </test-method> <!-- selectIMDBRating -->
        <test-method status="PASS" signature="areInitialResultsLoaded()[pri:0, instance:com.imdb.demo.TopChartsPageTest@402a079c]" name="areInitialResultsLoaded" duration-ms="258" started-at="2016-11-05T19:59:13Z" depends-on-methods="com.imdb.demo.TopChartsPageTest.isTopChartsPageLoaded" finished-at="2016-11-05T19:59:13Z">
          <reporter-output>
          </reporter-output>
        </test-method> <!-- areInitialResultsLoaded -->
        <test-method status="PASS" signature="clickOnGenre(java.lang.String)[pri:0, instance:com.imdb.demo.TopChartsPageTest@402a079c]" name="clickOnGenre" duration-ms="424" depends-on-groups="resultCount" started-at="2016-11-05T19:59:13Z" finished-at="2016-11-05T19:59:14Z">
          <params>
            <param index="0">
              <value>
                <![CDATA[Western]]>
              </value>
            </param>
          </params>
          <reporter-output>
          </reporter-output>
        </test-method> <!-- clickOnGenre -->
      </class> <!-- com.imdb.demo.TopChartsPageTest -->
    </test> <!-- IMDB Top Charts -->
    <test name="IMDB Top Charts &gt; Western" duration-ms="3011" started-at="2016-11-05T18:59:14Z" finished-at="2016-11-05T18:59:17Z">
      <class name="com.imdb.demo.ResultsByGenreTest">
        <test-method status="PASS" signature="isResultsByGenrePageLoaded(java.lang.String)[pri:0, instance:com.imdb.demo.ResultsByGenreTest@31a5c39e]" name="isResultsByGenrePageLoaded" duration-ms="3008" started-at="2016-11-05T19:59:14Z" finished-at="2016-11-05T19:59:17Z">
          <params>
            <param index="0">
              <value>
                <![CDATA[Western]]>
              </value>
            </param>
          </params>
          <reporter-output>
          </reporter-output>
        </test-method> <!-- isResultsByGenrePageLoaded -->
      </class> <!-- com.imdb.demo.ResultsByGenreTest -->
      <class name="com.imdb.demo.HomePageTest">
        <test-method status="PASS" signature="startWebdriver()[pri:0, instance:com.imdb.demo.HomePageTest@42d80b78]" name="startWebdriver" is-config="true" duration-ms="20230" started-at="2016-11-05T19:58:40Z" finished-at="2016-11-05T19:59:00Z">
          <reporter-output>
          </reporter-output>
        </test-method> <!-- startWebdriver -->
        <test-method status="PASS" signature="finishWebDriver()[pri:0, instance:com.imdb.demo.HomePageTest@42d80b78]" name="finishWebDriver" is-config="true" duration-ms="101" started-at="2016-11-05T19:59:17Z" finished-at="2016-11-05T19:59:17Z">
          <reporter-output>
          </reporter-output>
        </test-method> <!-- finishWebDriver -->
      </class> <!-- com.imdb.demo.HomePageTest -->
    </test> <!-- IMDB Top Charts > Western -->
  </suite> <!-- IMDB Top 250 Search -->
</testng-results>
