<?xml version="1.0" encoding="UTF-8"?>
<testng-results skipped="0" failed="1" total="21" passed="20">
  <reporter-output>
  </reporter-output>
  <suite name="IMDB HomePage, Top Charts and Genre Page Tests" duration-ms="39317" started-at="2016-11-06T18:11:36Z" finished-at="2016-11-06T18:12:15Z">
    <groups>
      <group name="resultCount">
        <method signature="TopChartsPageTest.selectByNumberOfRatings()[pri:0, instance:com.imdb.demo.TopChartsPageTest@610694f1]" name="selectByNumberOfRatings" class="com.imdb.demo.TopChartsPageTest"/>
        <method signature="TopChartsPageTest.selectByRanking()[pri:0, instance:com.imdb.demo.TopChartsPageTest@610694f1]" name="selectByRanking" class="com.imdb.demo.TopChartsPageTest"/>
        <method signature="TopChartsPageTest.selectByReleaseDate()[pri:0, instance:com.imdb.demo.TopChartsPageTest@610694f1]" name="selectByReleaseDate" class="com.imdb.demo.TopChartsPageTest"/>
        <method signature="TopChartsPageTest.selectByYourRating()[pri:0, instance:com.imdb.demo.TopChartsPageTest@610694f1]" name="selectByYourRating" class="com.imdb.demo.TopChartsPageTest"/>
        <method signature="TopChartsPageTest.selectIMDBRating()[pri:0, instance:com.imdb.demo.TopChartsPageTest@610694f1]" name="selectIMDBRating" class="com.imdb.demo.TopChartsPageTest"/>
      </group> <!-- resultCount -->
    </groups>
    <test name="HomePage &gt; Top Charts" duration-ms="1102" started-at="2016-11-06T18:11:36Z" finished-at="2016-11-06T18:11:37Z">
      <class name="com.imdb.demo.HomePageTest">
        <test-method status="PASS" signature="logClass()[pri:0, instance:com.imdb.demo.HomePageTest@5e3a8624]" name="logClass" is-config="true" duration-ms="0" started-at="2016-11-06T19:11:36Z" finished-at="2016-11-06T19:11:36Z">
          <reporter-output>
          </reporter-output>
        </test-method> <!-- logClass -->
        <test-method status="PASS" signature="isHomePageLoaded()[pri:0, instance:com.imdb.demo.HomePageTest@5e3a8624]" name="isHomePageLoaded" duration-ms="159" started-at="2016-11-06T19:11:36Z" finished-at="2016-11-06T19:11:36Z">
          <reporter-output>
          </reporter-output>
        </test-method> <!-- isHomePageLoaded -->
        <test-method status="PASS" signature="shouldDisplayMenuOnHover()[pri:0, instance:com.imdb.demo.HomePageTest@5e3a8624]" name="shouldDisplayMenuOnHover" duration-ms="691" started-at="2016-11-06T19:11:36Z" depends-on-methods="com.imdb.demo.HomePageTest.isHomePageLoaded" finished-at="2016-11-06T19:11:37Z">
          <reporter-output>
          </reporter-output>
        </test-method> <!-- shouldDisplayMenuOnHover -->
        <test-method status="PASS" signature="clickTopChartMenu()[pri:0, instance:com.imdb.demo.HomePageTest@5e3a8624]" name="clickTopChartMenu" duration-ms="229" started-at="2016-11-06T19:11:37Z" depends-on-methods="com.imdb.demo.HomePageTest.shouldDisplayMenuOnHover" finished-at="2016-11-06T19:11:37Z">
          <reporter-output>
          </reporter-output>
        </test-method> <!-- clickTopChartMenu -->
      </class> <!-- com.imdb.demo.HomePageTest -->
    </test> <!-- HomePage > Top Charts -->
    <test name="Top Charts &gt; Genre Page - Western" duration-ms="11749" started-at="2016-11-06T18:11:37Z" finished-at="2016-11-06T18:11:49Z">
      <class name="com.imdb.demo.TopChartsPageTest">
        <test-method status="PASS" signature="isTopChartsPageLoaded()[pri:0, instance:com.imdb.demo.TopChartsPageTest@610694f1]" name="isTopChartsPageLoaded" duration-ms="4481" started-at="2016-11-06T19:11:37Z" finished-at="2016-11-06T19:11:41Z">
          <reporter-output>
          </reporter-output>
        </test-method> <!-- isTopChartsPageLoaded -->
        <test-method status="PASS" signature="selectByNumberOfRatings()[pri:0, instance:com.imdb.demo.TopChartsPageTest@610694f1]" name="selectByNumberOfRatings" duration-ms="1605" started-at="2016-11-06T19:11:41Z" finished-at="2016-11-06T19:11:43Z">
          <reporter-output>
          </reporter-output>
        </test-method> <!-- selectByNumberOfRatings -->
        <test-method status="FAIL" signature="selectByRanking()[pri:0, instance:com.imdb.demo.TopChartsPageTest@610694f1]" name="selectByRanking" duration-ms="1348" started-at="2016-11-06T19:11:43Z" finished-at="2016-11-06T19:11:44Z">
          <exception class="java.lang.AssertionError">
            <message>
              <![CDATA[
Expecting:
 <false>
to be equal to:
 <true>
but was not.]]>
            </message>
            <full-stacktrace>
              <![CDATA[java.lang.AssertionError: 
Expecting:
 <false>
to be equal to:
 <true>
but was not.
	at com.imdb.demo.TopChartsPageTest.selectByRanking(TopChartsPageTest.java:35)
	at sun.reflect.NativeMethodAccessorImpl.invoke0(Native Method)
	at sun.reflect.NativeMethodAccessorImpl.invoke(NativeMethodAccessorImpl.java:62)
	at sun.reflect.DelegatingMethodAccessorImpl.invoke(DelegatingMethodAccessorImpl.java:43)
	at java.lang.reflect.Method.invoke(Method.java:498)
	at org.testng.internal.MethodInvocationHelper.invokeMethod(MethodInvocationHelper.java:100)
	at org.testng.internal.Invoker.invokeMethod(Invoker.java:646)
	at org.testng.internal.Invoker.invokeTestMethod(Invoker.java:811)
	at org.testng.internal.Invoker.invokeTestMethods(Invoker.java:1137)
	at org.testng.internal.TestMethodWorker.invokeTestMethods(TestMethodWorker.java:129)
	at org.testng.internal.TestMethodWorker.run(TestMethodWorker.java:112)
	at org.testng.TestRunner.privateRun(TestRunner.java:753)
	at org.testng.TestRunner.run(TestRunner.java:607)
	at org.testng.SuiteRunner.runTest(SuiteRunner.java:368)
	at org.testng.SuiteRunner.runSequentially(SuiteRunner.java:363)
	at org.testng.SuiteRunner.privateRun(SuiteRunner.java:321)
	at org.testng.SuiteRunner.run(SuiteRunner.java:270)
	at org.testng.SuiteRunnerWorker.runSuite(SuiteRunnerWorker.java:52)
	at org.testng.SuiteRunnerWorker.run(SuiteRunnerWorker.java:86)
	at org.testng.TestNG.runSuitesSequentially(TestNG.java:1284)
	at org.testng.TestNG.runSuitesLocally(TestNG.java:1209)
	at org.testng.TestNG.runSuites(TestNG.java:1124)
	at org.testng.TestNG.run(TestNG.java:1096)
	at org.testng.remote.AbstractRemoteTestNG.run(AbstractRemoteTestNG.java:132)
	at org.testng.remote.RemoteTestNG.initAndRun(RemoteTestNG.java:236)
	at org.testng.remote.RemoteTestNG.main(RemoteTestNG.java:81)
]]>
            </full-stacktrace>
          </exception> <!-- java.lang.AssertionError -->
          <reporter-output>
          </reporter-output>
        </test-method> <!-- selectByRanking -->
        <test-method status="PASS" signature="selectByReleaseDate()[pri:0, instance:com.imdb.demo.TopChartsPageTest@610694f1]" name="selectByReleaseDate" duration-ms="1404" started-at="2016-11-06T19:11:44Z" finished-at="2016-11-06T19:11:46Z">
          <reporter-output>
          </reporter-output>
        </test-method> <!-- selectByReleaseDate -->
        <test-method status="PASS" signature="selectByYourRating()[pri:0, instance:com.imdb.demo.TopChartsPageTest@610694f1]" name="selectByYourRating" duration-ms="1839" started-at="2016-11-06T19:11:46Z" finished-at="2016-11-06T19:11:48Z">
          <reporter-output>
          </reporter-output>
        </test-method> <!-- selectByYourRating -->
        <test-method status="PASS" signature="selectIMDBRating()[pri:0, instance:com.imdb.demo.TopChartsPageTest@610694f1]" name="selectIMDBRating" duration-ms="487" started-at="2016-11-06T19:11:48Z" finished-at="2016-11-06T19:11:48Z">
          <reporter-output>
          </reporter-output>
        </test-method> <!-- selectIMDBRating -->
        <test-method status="PASS" signature="areInitialResultsLoaded()[pri:0, instance:com.imdb.demo.TopChartsPageTest@610694f1]" name="areInitialResultsLoaded" duration-ms="206" started-at="2016-11-06T19:11:48Z" depends-on-methods="com.imdb.demo.TopChartsPageTest.isTopChartsPageLoaded" finished-at="2016-11-06T19:11:48Z">
          <reporter-output>
          </reporter-output>
        </test-method> <!-- areInitialResultsLoaded -->
        <test-method status="PASS" signature="clickOnGenre(java.lang.String)[pri:0, instance:com.imdb.demo.TopChartsPageTest@610694f1]" name="clickOnGenre" duration-ms="359" depends-on-groups="resultCount" started-at="2016-11-06T19:11:48Z" finished-at="2016-11-06T19:11:49Z">
          <params>
            <param index="0">
              <value>
                <![CDATA[Western]]>
              </value>
            </param>
          </params>
          <reporter-output>
          </reporter-output>
        </test-method> <!-- clickOnGenre -->
      </class> <!-- com.imdb.demo.TopChartsPageTest -->
    </test> <!-- Top Charts > Genre Page - Western -->
    <test name="Genre Page - Western" duration-ms="26440" started-at="2016-11-06T18:11:49Z" finished-at="2016-11-06T18:12:15Z">
      <class name="com.imdb.demo.ResultsByGenreTest">
        <test-method status="PASS" signature="isResultsByGenrePageLoaded(java.lang.String)[pri:0, instance:com.imdb.demo.ResultsByGenreTest@6e6c3152]" name="isResultsByGenrePageLoaded" duration-ms="2626" started-at="2016-11-06T19:11:49Z" finished-at="2016-11-06T19:11:51Z">
          <params>
            <param index="0">
              <value>
                <![CDATA[Western]]>
              </value>
            </param>
          </params>
          <reporter-output>
          </reporter-output>
        </test-method> <!-- isResultsByGenrePageLoaded -->
        <test-method status="PASS" signature="areInitialResultsLoaded()[pri:0, instance:com.imdb.demo.ResultsByGenreTest@6e6c3152]" name="areInitialResultsLoaded" duration-ms="109" started-at="2016-11-06T19:11:51Z" depends-on-methods="com.imdb.demo.ResultsByGenreTest.isResultsByGenrePageLoaded" finished-at="2016-11-06T19:11:51Z">
          <reporter-output>
          </reporter-output>
        </test-method> <!-- areInitialResultsLoaded -->
        <test-method status="PASS" signature="sortByAlphabetical()[pri:0, instance:com.imdb.demo.ResultsByGenreTest@6e6c3152]" name="sortByAlphabetical" duration-ms="3261" started-at="2016-11-06T19:11:51Z" depends-on-methods="com.imdb.demo.ResultsByGenreTest.areInitialResultsLoaded" finished-at="2016-11-06T19:11:55Z">
          <reporter-output>
          </reporter-output>
        </test-method> <!-- sortByAlphabetical -->
        <test-method status="PASS" signature="sortByIMDBRating()[pri:0, instance:com.imdb.demo.ResultsByGenreTest@6e6c3152]" name="sortByIMDBRating" duration-ms="3044" started-at="2016-11-06T19:11:55Z" depends-on-methods="com.imdb.demo.ResultsByGenreTest.areInitialResultsLoaded" finished-at="2016-11-06T19:11:58Z">
          <reporter-output>
          </reporter-output>
        </test-method> <!-- sortByIMDBRating -->
        <test-method status="PASS" signature="sortByNumberOfVotes()[pri:0, instance:com.imdb.demo.ResultsByGenreTest@6e6c3152]" name="sortByNumberOfVotes" duration-ms="2638" started-at="2016-11-06T19:11:58Z" depends-on-methods="com.imdb.demo.ResultsByGenreTest.areInitialResultsLoaded" finished-at="2016-11-06T19:12:00Z">
          <reporter-output>
          </reporter-output>
        </test-method> <!-- sortByNumberOfVotes -->
        <test-method status="PASS" signature="sortByPopularity()[pri:0, instance:com.imdb.demo.ResultsByGenreTest@6e6c3152]" name="sortByPopularity" duration-ms="3085" started-at="2016-11-06T19:12:00Z" depends-on-methods="com.imdb.demo.ResultsByGenreTest.areInitialResultsLoaded" finished-at="2016-11-06T19:12:04Z">
          <reporter-output>
          </reporter-output>
        </test-method> <!-- sortByPopularity -->
        <test-method status="PASS" signature="sortByReleaseDate()[pri:0, instance:com.imdb.demo.ResultsByGenreTest@6e6c3152]" name="sortByReleaseDate" duration-ms="2974" started-at="2016-11-06T19:12:04Z" depends-on-methods="com.imdb.demo.ResultsByGenreTest.areInitialResultsLoaded" finished-at="2016-11-06T19:12:07Z">
          <reporter-output>
          </reporter-output>
        </test-method> <!-- sortByReleaseDate -->
        <test-method status="PASS" signature="sortByRuntime()[pri:0, instance:com.imdb.demo.ResultsByGenreTest@6e6c3152]" name="sortByRuntime" duration-ms="2840" started-at="2016-11-06T19:12:07Z" depends-on-methods="com.imdb.demo.ResultsByGenreTest.areInitialResultsLoaded" finished-at="2016-11-06T19:12:09Z">
          <reporter-output>
          </reporter-output>
        </test-method> <!-- sortByRuntime -->
        <test-method status="PASS" signature="sortByUSBoxOffice()[pri:0, instance:com.imdb.demo.ResultsByGenreTest@6e6c3152]" name="sortByUSBoxOffice" duration-ms="2612" started-at="2016-11-06T19:12:09Z" depends-on-methods="com.imdb.demo.ResultsByGenreTest.areInitialResultsLoaded" finished-at="2016-11-06T19:12:12Z">
          <reporter-output>
          </reporter-output>
        </test-method> <!-- sortByUSBoxOffice -->
        <test-method status="PASS" signature="sortByYear()[pri:0, instance:com.imdb.demo.ResultsByGenreTest@6e6c3152]" name="sortByYear" duration-ms="3224" started-at="2016-11-06T19:12:12Z" depends-on-methods="com.imdb.demo.ResultsByGenreTest.areInitialResultsLoaded" finished-at="2016-11-06T19:12:15Z">
          <reporter-output>
          </reporter-output>
        </test-method> <!-- sortByYear -->
      </class> <!-- com.imdb.demo.ResultsByGenreTest -->
      <class name="com.imdb.demo.HomePageTest">
        <test-method status="PASS" signature="startWebdriver()[pri:0, instance:com.imdb.demo.HomePageTest@5e3a8624]" name="startWebdriver" is-config="true" duration-ms="14411" started-at="2016-11-06T19:11:21Z" finished-at="2016-11-06T19:11:36Z">
          <reporter-output>
          </reporter-output>
        </test-method> <!-- startWebdriver -->
        <test-method status="PASS" signature="finishWebDriver()[pri:0, instance:com.imdb.demo.HomePageTest@5e3a8624]" name="finishWebDriver" is-config="true" duration-ms="116" started-at="2016-11-06T19:12:15Z" finished-at="2016-11-06T19:12:15Z">
          <reporter-output>
          </reporter-output>
        </test-method> <!-- finishWebDriver -->
      </class> <!-- com.imdb.demo.HomePageTest -->
    </test> <!-- Genre Page - Western -->
  </suite> <!-- IMDB HomePage, Top Charts and Genre Page Tests -->
</testng-results>
