<?xml version="1.0" encoding="UTF-8"?>
<!-- Generated by org.testng.reporters.JUnitXMLReporter -->
<testsuite hostname="notebook" name="HomePage Tests" tests="3" failures="0" timestamp="5 Nov 2016 18:59:01 GMT" time="1.041" errors="0">
  <testcase name="isHomePageLoaded" time="0.164" classname="com.imdb.demo.HomePageTest"/>
  <testcase name="shouldDisplayMenuOnHover" time="0.671" classname="com.imdb.demo.HomePageTest"/>
  <testcase name="clickTopChartMenu" time="0.183" classname="com.imdb.demo.HomePageTest"/>
</testsuite> <!-- HomePage Tests -->
