<?xml version="1.0" encoding="UTF-8"?>
<!-- Generated by org.testng.reporters.JUnitXMLReporter -->
<testsuite hostname="notebook" name="IMDB Top Charts" tests="8" failures="0" timestamp="5 Nov 2016 18:59:14 GMT" time="12.269" errors="0">
  <testcase name="isTopChartsPageLoaded" time="4.39" classname="com.imdb.demo.TopChartsPageTest"/>
  <testcase name="selectByNumberOfRatings" time="1.877" classname="com.imdb.demo.TopChartsPageTest"/>
  <testcase name="selectByRanking" time="1.628" classname="com.imdb.demo.TopChartsPageTest"/>
  <testcase name="selectByReleaseDate" time="1.322" classname="com.imdb.demo.TopChartsPageTest"/>
  <testcase name="selectByYourRating" time="1.521" classname="com.imdb.demo.TopChartsPageTest"/>
  <testcase name="selectIMDBRating" time="0.815" classname="com.imdb.demo.TopChartsPageTest"/>
  <testcase name="areInitialResultsLoaded" time="0.258" classname="com.imdb.demo.TopChartsPageTest"/>
  <testcase name="clickOnGenre" time="0.424" classname="com.imdb.demo.TopChartsPageTest"/>
</testsuite> <!-- IMDB Top Charts -->
