<?xml version="1.0" encoding="UTF-8"?>
<!-- Generated by org.testng.reporters.JUnitXMLReporter -->
<testsuite hostname="notebook" name="IMDB Top Charts" tests="8" failures="0" timestamp="6 Nov 2016 12:25:59 GMT" time="14.806" errors="0">
  <testcase name="isTopChartsPageLoaded" time="3.328" classname="com.imdb.demo.TopChartsPageTest"/>
  <testcase name="selectByNumberOfRatings" time="5.645" classname="com.imdb.demo.TopChartsPageTest"/>
  <testcase name="selectByRanking" time="0.983" classname="com.imdb.demo.TopChartsPageTest"/>
  <testcase name="selectByReleaseDate" time="0.882" classname="com.imdb.demo.TopChartsPageTest"/>
  <testcase name="selectByYourRating" time="1.098" classname="com.imdb.demo.TopChartsPageTest"/>
  <testcase name="selectIMDBRating" time="0.331" classname="com.imdb.demo.TopChartsPageTest"/>
  <testcase name="areInitialResultsLoaded" time="0.149" classname="com.imdb.demo.TopChartsPageTest"/>
  <testcase name="clickOnGenre" time="2.362" classname="com.imdb.demo.TopChartsPageTest"/>
</testsuite> <!-- IMDB Top Charts -->
